0 info it worked if it ends with ok
1 verbose cli [ 'node', '/home/michaels/.linuxbrew/bin/npm', 'start' ]
2 info using npm@2.11.1
3 info using node@v0.12.4
4 verbose node symlink /home/michaels/.linuxbrew/bin/node
5 verbose run-script [ 'prestart', 'start', 'poststart' ]
6 info prestart beer-club@0.0.0
7 info start beer-club@0.0.0
8 verbose unsafe-perm in lifecycle true
9 info beer-club@0.0.0 Failed to exec start script
10 verbose stack Error: beer-club@0.0.0 start: `node server.js`
10 verbose stack Exit status 1
10 verbose stack     at EventEmitter.<anonymous> (/home/michaels/.linuxbrew/lib/node_modules/npm/lib/utils/lifecycle.js:213:16)
10 verbose stack     at EventEmitter.emit (events.js:110:17)
10 verbose stack     at ChildProcess.<anonymous> (/home/michaels/.linuxbrew/lib/node_modules/npm/lib/utils/spawn.js:24:14)
10 verbose stack     at ChildProcess.emit (events.js:110:17)
10 verbose stack     at maybeClose (child_process.js:1015:16)
10 verbose stack     at Process.ChildProcess._handle.onexit (child_process.js:1087:5)
11 verbose pkgid beer-club@0.0.0
12 verbose cwd /home/michaels/Documents/Programming/beerClub
13 error Linux 3.13.0-24-generic
14 error argv "node" "/home/michaels/.linuxbrew/bin/npm" "start"
15 error node v0.12.4
16 error npm  v2.11.1
17 error code ELIFECYCLE
18 error beer-club@0.0.0 start: `node server.js`
18 error Exit status 1
19 error Failed at the beer-club@0.0.0 start script 'node server.js'.
19 error This is most likely a problem with the beer-club package,
19 error not with npm itself.
19 error Tell the author that this fails on your system:
19 error     node server.js
19 error You can get their info via:
19 error     npm owner ls beer-club
19 error There is likely additional logging output above.
20 verbose exit [ 1, true ]
